2020-12-10 00:00:33.626 [Thread-491] INFO  o.s.scheduling.concurrent.ThreadPoolTaskExecutor - Shutting down ExecutorService 'applicationTaskExecutor'
2020-12-10 00:00:33.638 [Thread-491] INFO  com.alibaba.druid.pool.DruidDataSource - {dataSource-107} closed
2020-12-10 00:00:34.286 [restartedMain] INFO  com.nood.hrm.HumanResousceApplication - Starting HumanResousceApplication using Java 1.8.0_161 on noodles with PID 23465 (/Users/yanmeng/202/human-resousce-management/target/classes started by yanmeng in /Users/yanmeng/202/human-resousce-management)
2020-12-10 00:00:34.286 [restartedMain] INFO  com.nood.hrm.HumanResousceApplication - The following profiles are active: dev
2020-12-10 00:00:36.757 [restartedMain] INFO  o.s.boot.web.embedded.tomcat.TomcatWebServer - Tomcat initialized with port(s): 8081 (http)
2020-12-10 00:00:36.758 [restartedMain] INFO  org.apache.coyote.http11.Http11NioProtocol - Initializing ProtocolHandler ["http-nio-8081"]
2020-12-10 00:00:36.758 [restartedMain] INFO  org.apache.catalina.core.StandardService - Starting service [Tomcat]
2020-12-10 00:00:36.758 [restartedMain] INFO  org.apache.catalina.core.StandardEngine - Starting Servlet engine: [Apache Tomcat/9.0.39]
2020-12-10 00:00:36.797 [restartedMain] INFO  o.a.c.c.ContainerBase.[Tomcat-35].[localhost].[/] - Initializing Spring embedded WebApplicationContext
2020-12-10 00:00:36.797 [restartedMain] INFO  o.s.b.w.s.c.ServletWebServerApplicationContext - Root WebApplicationContext: initialization completed in 2508 ms
2020-12-10 00:00:37.413 [restartedMain] INFO  com.alibaba.druid.pool.DruidDataSource - {dataSource-108} inited
2020-12-10 00:00:38.754 [restartedMain] INFO  o.s.scheduling.concurrent.ThreadPoolTaskExecutor - Initializing ExecutorService 'applicationTaskExecutor'
2020-12-10 00:00:38.813 [restartedMain] INFO  o.s.b.a.web.servlet.WelcomePageHandlerMapping - Adding welcome page template: index
2020-12-10 00:00:41.336 [restartedMain] INFO  o.s.security.web.DefaultSecurityFilterChain - Will secure any request with [org.springframework.security.web.context.request.async.WebAsyncManagerIntegrationFilter@424a6a0a, org.springframework.security.web.context.SecurityContextPersistenceFilter@1003a12f, org.springframework.security.web.header.HeaderWriterFilter@1ce33af4, org.springframework.security.web.authentication.logout.LogoutFilter@54abf3f, org.springframework.security.web.authentication.UsernamePasswordAuthenticationFilter@20f0c043, org.springframework.security.web.savedrequest.RequestCacheAwareFilter@6420308f, org.springframework.security.web.servletapi.SecurityContextHolderAwareRequestFilter@61918265, org.springframework.security.web.authentication.AnonymousAuthenticationFilter@2cdfaf15, org.springframework.security.web.session.SessionManagementFilter@53474e51, org.springframework.security.web.access.ExceptionTranslationFilter@77f064e4, org.springframework.security.web.access.intercept.FilterSecurityInterceptor@3e306207]
2020-12-10 00:00:41.592 [restartedMain] INFO  o.s.b.d.autoconfigure.OptionalLiveReloadServer - LiveReload server is running on port 35729
2020-12-10 00:00:41.740 [restartedMain] INFO  org.apache.coyote.http11.Http11NioProtocol - Starting ProtocolHandler ["http-nio-8081"]
2020-12-10 00:00:41.749 [restartedMain] INFO  o.s.boot.web.embedded.tomcat.TomcatWebServer - Tomcat started on port(s): 8081 (http) with context path ''
2020-12-10 00:00:41.755 [restartedMain] INFO  com.nood.hrm.HumanResousceApplication - Started HumanResousceApplication in 7.627 seconds (JVM running for 24409.405)
2020-12-10 00:00:41.757 [restartedMain] INFO  o.s.b.d.a.ConditionEvaluationDeltaLoggingListener - Condition evaluation unchanged
2020-12-10 00:00:51.149 [Thread-496] INFO  o.s.scheduling.concurrent.ThreadPoolTaskExecutor - Shutting down ExecutorService 'applicationTaskExecutor'
2020-12-10 00:00:51.152 [Thread-496] INFO  com.alibaba.druid.pool.DruidDataSource - {dataSource-108} closed
2020-12-10 00:00:52.029 [restartedMain] INFO  com.nood.hrm.HumanResousceApplication - Starting HumanResousceApplication using Java 1.8.0_161 on noodles with PID 23465 (/Users/yanmeng/202/human-resousce-management/target/classes started by yanmeng in /Users/yanmeng/202/human-resousce-management)
2020-12-10 00:00:52.029 [restartedMain] INFO  com.nood.hrm.HumanResousceApplication - The following profiles are active: dev
2020-12-10 00:00:54.084 [restartedMain] INFO  o.s.boot.web.embedded.tomcat.TomcatWebServer - Tomcat initialized with port(s): 8081 (http)
2020-12-10 00:00:54.085 [restartedMain] INFO  org.apache.coyote.http11.Http11NioProtocol - Initializing ProtocolHandler ["http-nio-8081"]
2020-12-10 00:00:54.085 [restartedMain] INFO  org.apache.catalina.core.StandardService - Starting service [Tomcat]
2020-12-10 00:00:54.085 [restartedMain] INFO  org.apache.catalina.core.StandardEngine - Starting Servlet engine: [Apache Tomcat/9.0.39]
2020-12-10 00:00:54.111 [restartedMain] INFO  o.a.c.c.ContainerBase.[Tomcat-35].[localhost].[/] - Initializing Spring embedded WebApplicationContext
2020-12-10 00:00:54.111 [restartedMain] INFO  o.s.b.w.s.c.ServletWebServerApplicationContext - Root WebApplicationContext: initialization completed in 2054 ms
2020-12-10 00:00:54.927 [restartedMain] INFO  com.alibaba.druid.pool.DruidDataSource - {dataSource-109} inited
2020-12-10 00:00:55.692 [restartedMain] INFO  com.alibaba.druid.pool.DruidDataSource - {dataSource-109} closed
2020-12-10 00:00:55.693 [restartedMain] INFO  org.apache.catalina.core.StandardService - Stopping service [Tomcat]
2020-12-10 00:00:55.702 [restartedMain] INFO  o.s.b.a.l.ConditionEvaluationReportLoggingListener - 

Error starting ApplicationContext. To display the conditions report re-run your application with 'debug' enabled.
2020-12-10 00:01:21.097 [restartedMain] INFO  com.nood.hrm.HumanResousceApplication - Starting HumanResousceApplication using Java 1.8.0_161 on noodles with PID 25465 (/Users/yanmeng/202/human-resousce-management/target/classes started by yanmeng in /Users/yanmeng/202/human-resousce-management)
2020-12-10 00:01:21.114 [restartedMain] INFO  com.nood.hrm.HumanResousceApplication - The following profiles are active: dev
2020-12-10 00:01:21.254 [restartedMain] INFO  o.s.b.d.env.DevToolsPropertyDefaultsPostProcessor - Devtools property defaults active! Set 'spring.devtools.add-properties' to 'false' to disable
2020-12-10 00:01:21.254 [restartedMain] INFO  o.s.b.d.env.DevToolsPropertyDefaultsPostProcessor - For additional web related logging consider setting the 'logging.level.web' property to 'DEBUG'
2020-12-10 00:01:23.800 [restartedMain] INFO  o.s.boot.web.embedded.tomcat.TomcatWebServer - Tomcat initialized with port(s): 8081 (http)
2020-12-10 00:01:23.817 [restartedMain] INFO  org.apache.coyote.http11.Http11NioProtocol - Initializing ProtocolHandler ["http-nio-8081"]
2020-12-10 00:01:23.821 [restartedMain] INFO  org.apache.catalina.core.StandardService - Starting service [Tomcat]
2020-12-10 00:01:23.822 [restartedMain] INFO  org.apache.catalina.core.StandardEngine - Starting Servlet engine: [Apache Tomcat/9.0.39]
2020-12-10 00:01:23.917 [restartedMain] INFO  o.a.c.core.ContainerBase.[Tomcat].[localhost].[/] - Initializing Spring embedded WebApplicationContext
2020-12-10 00:01:23.917 [restartedMain] INFO  o.s.b.w.s.c.ServletWebServerApplicationContext - Root WebApplicationContext: initialization completed in 2661 ms
2020-12-10 00:01:25.328 [restartedMain] INFO  com.alibaba.druid.pool.DruidDataSource - {dataSource-1} inited
2020-12-10 00:01:26.153 [restartedMain] INFO  o.s.scheduling.concurrent.ThreadPoolTaskExecutor - Initializing ExecutorService 'applicationTaskExecutor'
2020-12-10 00:01:26.304 [restartedMain] INFO  o.s.b.a.web.servlet.WelcomePageHandlerMapping - Adding welcome page template: index
2020-12-10 00:01:26.757 [restartedMain] INFO  o.s.security.web.DefaultSecurityFilterChain - Will secure any request with [org.springframework.security.web.context.request.async.WebAsyncManagerIntegrationFilter@40b80b4b, org.springframework.security.web.context.SecurityContextPersistenceFilter@7aeee7e4, org.springframework.security.web.header.HeaderWriterFilter@6831b3e7, org.springframework.security.web.authentication.logout.LogoutFilter@2c2bcd35, org.springframework.security.web.authentication.UsernamePasswordAuthenticationFilter@41059312, org.springframework.security.web.savedrequest.RequestCacheAwareFilter@532e59d7, org.springframework.security.web.servletapi.SecurityContextHolderAwareRequestFilter@26d934e7, org.springframework.security.web.authentication.AnonymousAuthenticationFilter@6b71c453, org.springframework.security.web.session.SessionManagementFilter@68eec8e4, org.springframework.security.web.access.ExceptionTranslationFilter@728a5964, org.springframework.security.web.access.intercept.FilterSecurityInterceptor@1ef2d97b]
2020-12-10 00:01:26.869 [restartedMain] INFO  o.s.b.d.autoconfigure.OptionalLiveReloadServer - LiveReload server is running on port 35729
2020-12-10 00:01:26.900 [restartedMain] INFO  org.apache.coyote.http11.Http11NioProtocol - Starting ProtocolHandler ["http-nio-8081"]
2020-12-10 00:01:26.929 [restartedMain] INFO  o.s.boot.web.embedded.tomcat.TomcatWebServer - Tomcat started on port(s): 8081 (http) with context path ''
2020-12-10 00:01:26.944 [restartedMain] INFO  com.nood.hrm.HumanResousceApplication - Started HumanResousceApplication in 7.054 seconds (JVM running for 8.039)
2020-12-10 00:01:27.738 [http-nio-8081-exec-1] INFO  org.apache.tomcat.util.http.parser.Cookie - A cookie header was received [1606274436,1606391754; remember-me=YWRtaW46MTYwODczMDIwMzIxNzo0ZTA4Njg5MzNhNTE4OWI1YTY3YjFmODUzMTZlYzgxMg; JSESSIONID=72F3B0719F2DF30D208A155DCF4D3A6F] that contained an invalid cookie. That cookie will be ignored.
 Note: further occurrences of this error will be logged at DEBUG level.
2020-12-10 00:01:27.794 [http-nio-8081-exec-1] INFO  o.a.c.core.ContainerBase.[Tomcat].[localhost].[/] - Initializing Spring DispatcherServlet 'dispatcherServlet'
2020-12-10 00:01:27.794 [http-nio-8081-exec-1] INFO  org.springframework.web.servlet.DispatcherServlet - Initializing Servlet 'dispatcherServlet'
2020-12-10 00:01:27.808 [http-nio-8081-exec-1] INFO  org.springframework.web.servlet.DispatcherServlet - Completed initialization in 13 ms
2020-12-10 00:02:08.874 [http-nio-8081-exec-6] INFO  com.nood.hrm.controller.RoleController - null 测试角色 - 描述 [1, 2, 3, 4, 5, 25, 28, 7, 8, 9, 10, 11, 23, 12, 13, 14, 15, 24, 16, 6, 26, 27]
2020-12-10 00:04:34.688 [http-nio-8081-exec-3] INFO  com.nood.hrm.controller.RoleController - RoleController.getAll()
2020-12-10 00:04:34.794 [http-nio-8081-exec-7] INFO  com.nood.hrm.controller.RoleUserController - RoleUserController.getRoleUserById(userId) param : 1
2020-12-10 00:04:55.645 [http-nio-8081-exec-5] INFO  com.nood.hrm.controller.RoleController - RoleController.getAll()
2020-12-10 00:04:55.750 [http-nio-8081-exec-7] INFO  com.nood.hrm.controller.RoleUserController - RoleUserController.getRoleUserById(userId) param : 1
2020-12-10 00:06:36.673 [http-nio-8081-exec-5] INFO  com.nood.hrm.controller.RoleController - null 发的说法是  - 测试 [19]
2020-12-10 00:07:10.871 [Thread-20] INFO  o.s.scheduling.concurrent.ThreadPoolTaskExecutor - Shutting down ExecutorService 'applicationTaskExecutor'
2020-12-10 00:07:10.879 [Thread-20] INFO  com.alibaba.druid.pool.DruidDataSource - {dataSource-1} closed
2020-12-10 00:07:11.443 [restartedMain] INFO  com.nood.hrm.HumanResousceApplication - Starting HumanResousceApplication using Java 1.8.0_161 on noodles with PID 25465 (/Users/yanmeng/202/human-resousce-management/target/classes started by yanmeng in /Users/yanmeng/202/human-resousce-management)
2020-12-10 00:07:11.444 [restartedMain] INFO  com.nood.hrm.HumanResousceApplication - The following profiles are active: dev
2020-12-10 00:07:12.448 [restartedMain] INFO  o.s.boot.web.embedded.tomcat.TomcatWebServer - Tomcat initialized with port(s): 8081 (http)
2020-12-10 00:07:12.450 [restartedMain] INFO  org.apache.coyote.http11.Http11NioProtocol - Initializing ProtocolHandler ["http-nio-8081"]
2020-12-10 00:07:12.450 [restartedMain] INFO  org.apache.catalina.core.StandardService - Starting service [Tomcat]
2020-12-10 00:07:12.451 [restartedMain] INFO  org.apache.catalina.core.StandardEngine - Starting Servlet engine: [Apache Tomcat/9.0.39]
2020-12-10 00:07:12.485 [restartedMain] INFO  o.a.c.core.ContainerBase.[Tomcat].[localhost].[/] - Initializing Spring embedded WebApplicationContext
2020-12-10 00:07:12.487 [restartedMain] INFO  o.s.b.w.s.c.ServletWebServerApplicationContext - Root WebApplicationContext: initialization completed in 1037 ms
2020-12-10 00:07:12.846 [restartedMain] INFO  com.alibaba.druid.pool.DruidDataSource - {dataSource-2} inited
2020-12-10 00:07:13.579 [restartedMain] INFO  com.alibaba.druid.pool.DruidDataSource - {dataSource-2} closed
2020-12-10 00:07:13.580 [restartedMain] INFO  org.apache.catalina.core.StandardService - Stopping service [Tomcat]
2020-12-10 00:07:13.597 [restartedMain] INFO  o.s.b.a.l.ConditionEvaluationReportLoggingListener - 

Error starting ApplicationContext. To display the conditions report re-run your application with 'debug' enabled.
2020-12-10 00:07:15.422 [restartedMain] INFO  com.nood.hrm.HumanResousceApplication - Starting HumanResousceApplication using Java 1.8.0_161 on noodles with PID 25465 (/Users/yanmeng/202/human-resousce-management/target/classes started by yanmeng in /Users/yanmeng/202/human-resousce-management)
2020-12-10 00:07:15.423 [restartedMain] INFO  com.nood.hrm.HumanResousceApplication - The following profiles are active: dev
2020-12-10 00:07:15.755 [restartedMain] INFO  o.s.boot.web.embedded.tomcat.TomcatWebServer - Tomcat initialized with port(s): 8081 (http)
2020-12-10 00:07:15.756 [restartedMain] INFO  org.apache.coyote.http11.Http11NioProtocol - Initializing ProtocolHandler ["http-nio-8081"]
2020-12-10 00:07:15.756 [restartedMain] INFO  org.apache.catalina.core.StandardService - Starting service [Tomcat]
2020-12-10 00:07:15.757 [restartedMain] INFO  org.apache.catalina.core.StandardEngine - Starting Servlet engine: [Apache Tomcat/9.0.39]
2020-12-10 00:07:15.765 [restartedMain] INFO  o.a.c.c.ContainerBase.[Tomcat-1].[localhost].[/] - Initializing Spring embedded WebApplicationContext
2020-12-10 00:07:15.765 [restartedMain] INFO  o.s.b.w.s.c.ServletWebServerApplicationContext - Root WebApplicationContext: initialization completed in 339 ms
2020-12-10 00:07:15.862 [restartedMain] INFO  com.alibaba.druid.pool.DruidDataSource - {dataSource-3} inited
2020-12-10 00:07:16.481 [restartedMain] INFO  o.s.scheduling.concurrent.ThreadPoolTaskExecutor - Initializing ExecutorService 'applicationTaskExecutor'
2020-12-10 00:07:16.583 [restartedMain] INFO  o.s.b.a.web.servlet.WelcomePageHandlerMapping - Adding welcome page template: index
2020-12-10 00:07:17.342 [restartedMain] INFO  o.s.security.web.DefaultSecurityFilterChain - Will secure any request with [org.springframework.security.web.context.request.async.WebAsyncManagerIntegrationFilter@40f7620f, org.springframework.security.web.context.SecurityContextPersistenceFilter@90088d5, org.springframework.security.web.header.HeaderWriterFilter@39957118, org.springframework.security.web.authentication.logout.LogoutFilter@57f8fb2f, org.springframework.security.web.authentication.UsernamePasswordAuthenticationFilter@1ba43e66, org.springframework.security.web.savedrequest.RequestCacheAwareFilter@6663a70e, org.springframework.security.web.servletapi.SecurityContextHolderAwareRequestFilter@746c076b, org.springframework.security.web.authentication.AnonymousAuthenticationFilter@7b8caaa0, org.springframework.security.web.session.SessionManagementFilter@4855e94, org.springframework.security.web.access.ExceptionTranslationFilter@385aead9, org.springframework.security.web.access.intercept.FilterSecurityInterceptor@22a931eb]
2020-12-10 00:07:17.452 [restartedMain] INFO  o.s.b.d.autoconfigure.OptionalLiveReloadServer - LiveReload server is running on port 35729
2020-12-10 00:07:17.519 [restartedMain] INFO  org.apache.coyote.http11.Http11NioProtocol - Starting ProtocolHandler ["http-nio-8081"]
2020-12-10 00:07:17.527 [restartedMain] INFO  o.s.boot.web.embedded.tomcat.TomcatWebServer - Tomcat started on port(s): 8081 (http) with context path ''
2020-12-10 00:07:17.535 [restartedMain] INFO  com.nood.hrm.HumanResousceApplication - Started HumanResousceApplication in 2.147 seconds (JVM running for 358.612)
2020-12-10 00:07:17.538 [restartedMain] INFO  o.s.b.d.a.ConditionEvaluationDeltaLoggingListener - Condition evaluation unchanged
2020-12-10 00:07:21.093 [http-nio-8081-exec-1] INFO  o.a.c.c.ContainerBase.[Tomcat-1].[localhost].[/] - Initializing Spring DispatcherServlet 'dispatcherServlet'
2020-12-10 00:07:21.095 [http-nio-8081-exec-1] INFO  org.springframework.web.servlet.DispatcherServlet - Initializing Servlet 'dispatcherServlet'
2020-12-10 00:07:21.097 [http-nio-8081-exec-1] INFO  org.springframework.web.servlet.DispatcherServlet - Completed initialization in 2 ms
2020-12-10 00:07:21.348 [Thread-27] INFO  o.s.scheduling.concurrent.ThreadPoolTaskExecutor - Shutting down ExecutorService 'applicationTaskExecutor'
2020-12-10 00:07:21.350 [Thread-27] INFO  com.alibaba.druid.pool.DruidDataSource - {dataSource-3} closed
2020-12-10 00:07:21.781 [restartedMain] INFO  com.nood.hrm.HumanResousceApplication - Starting HumanResousceApplication using Java 1.8.0_161 on noodles with PID 25465 (/Users/yanmeng/202/human-resousce-management/target/classes started by yanmeng in /Users/yanmeng/202/human-resousce-management)
2020-12-10 00:07:21.781 [restartedMain] INFO  com.nood.hrm.HumanResousceApplication - The following profiles are active: dev
2020-12-10 00:07:22.940 [restartedMain] INFO  o.s.boot.web.embedded.tomcat.TomcatWebServer - Tomcat initialized with port(s): 8081 (http)
2020-12-10 00:07:22.941 [restartedMain] INFO  org.apache.coyote.http11.Http11NioProtocol - Initializing ProtocolHandler ["http-nio-8081"]
2020-12-10 00:07:22.942 [restartedMain] INFO  org.apache.catalina.core.StandardService - Starting service [Tomcat]
2020-12-10 00:07:22.942 [restartedMain] INFO  org.apache.catalina.core.StandardEngine - Starting Servlet engine: [Apache Tomcat/9.0.39]
2020-12-10 00:07:22.970 [restartedMain] INFO  o.a.c.c.ContainerBase.[Tomcat-1].[localhost].[/] - Initializing Spring embedded WebApplicationContext
2020-12-10 00:07:22.970 [restartedMain] INFO  o.s.b.w.s.c.ServletWebServerApplicationContext - Root WebApplicationContext: initialization completed in 1179 ms
2020-12-10 00:07:23.230 [restartedMain] INFO  com.alibaba.druid.pool.DruidDataSource - {dataSource-4} inited
2020-12-10 00:07:23.543 [restartedMain] INFO  com.alibaba.druid.pool.DruidDataSource - {dataSource-4} closed
2020-12-10 00:07:23.545 [restartedMain] INFO  org.apache.catalina.core.StandardService - Stopping service [Tomcat]
2020-12-10 00:07:23.557 [restartedMain] INFO  o.s.b.a.l.ConditionEvaluationReportLoggingListener - 

Error starting ApplicationContext. To display the conditions report re-run your application with 'debug' enabled.
2020-12-10 00:07:25.168 [restartedMain] INFO  com.nood.hrm.HumanResousceApplication - Starting HumanResousceApplication using Java 1.8.0_161 on noodles with PID 25465 (/Users/yanmeng/202/human-resousce-management/target/classes started by yanmeng in /Users/yanmeng/202/human-resousce-management)
2020-12-10 00:07:25.169 [restartedMain] INFO  com.nood.hrm.HumanResousceApplication - The following profiles are active: dev
2020-12-10 00:07:25.712 [restartedMain] INFO  o.s.boot.web.embedded.tomcat.TomcatWebServer - Tomcat initialized with port(s): 8081 (http)
2020-12-10 00:07:25.713 [restartedMain] INFO  org.apache.coyote.http11.Http11NioProtocol - Initializing ProtocolHandler ["http-nio-8081"]
2020-12-10 00:07:25.714 [restartedMain] INFO  org.apache.catalina.core.StandardService - Starting service [Tomcat]
2020-12-10 00:07:25.714 [restartedMain] INFO  org.apache.catalina.core.StandardEngine - Starting Servlet engine: [Apache Tomcat/9.0.39]
2020-12-10 00:07:25.729 [restartedMain] INFO  o.a.c.c.ContainerBase.[Tomcat-2].[localhost].[/] - Initializing Spring embedded WebApplicationContext
2020-12-10 00:07:25.729 [restartedMain] INFO  o.s.b.w.s.c.ServletWebServerApplicationContext - Root WebApplicationContext: initialization completed in 557 ms
2020-12-10 00:07:25.868 [restartedMain] INFO  com.alibaba.druid.pool.DruidDataSource - {dataSource-5} inited
2020-12-10 00:07:26.618 [restartedMain] INFO  o.s.scheduling.concurrent.ThreadPoolTaskExecutor - Initializing ExecutorService 'applicationTaskExecutor'
2020-12-10 00:07:26.672 [restartedMain] INFO  o.s.b.a.web.servlet.WelcomePageHandlerMapping - Adding welcome page template: index
2020-12-10 00:07:26.879 [restartedMain] INFO  o.s.security.web.DefaultSecurityFilterChain - Will secure any request with [org.springframework.security.web.context.request.async.WebAsyncManagerIntegrationFilter@60df126a, org.springframework.security.web.context.SecurityContextPersistenceFilter@1ef20040, org.springframework.security.web.header.HeaderWriterFilter@37dae128, org.springframework.security.web.authentication.logout.LogoutFilter@597d8c3d, org.springframework.security.web.authentication.UsernamePasswordAuthenticationFilter@2fc56d10, org.springframework.security.web.savedrequest.RequestCacheAwareFilter@35448e42, org.springframework.security.web.servletapi.SecurityContextHolderAwareRequestFilter@55f7ea63, org.springframework.security.web.authentication.AnonymousAuthenticationFilter@338e8fb3, org.springframework.security.web.session.SessionManagementFilter@39f76020, org.springframework.security.web.access.ExceptionTranslationFilter@549ff04c, org.springframework.security.web.access.intercept.FilterSecurityInterceptor@587b1d6f]
2020-12-10 00:07:26.901 [restartedMain] INFO  o.s.b.d.autoconfigure.OptionalLiveReloadServer - LiveReload server is running on port 35729
2020-12-10 00:07:26.926 [restartedMain] INFO  org.apache.coyote.http11.Http11NioProtocol - Starting ProtocolHandler ["http-nio-8081"]
2020-12-10 00:07:26.929 [restartedMain] INFO  o.s.boot.web.embedded.tomcat.TomcatWebServer - Tomcat started on port(s): 8081 (http) with context path ''
2020-12-10 00:07:26.938 [restartedMain] INFO  com.nood.hrm.HumanResousceApplication - Started HumanResousceApplication in 1.83 seconds (JVM running for 368.014)
2020-12-10 00:07:26.954 [http-nio-8081-exec-1] INFO  o.a.c.c.ContainerBase.[Tomcat-2].[localhost].[/] - Initializing Spring DispatcherServlet 'dispatcherServlet'
2020-12-10 00:07:26.955 [http-nio-8081-exec-1] INFO  org.springframework.web.servlet.DispatcherServlet - Initializing Servlet 'dispatcherServlet'
2020-12-10 00:07:26.956 [restartedMain] INFO  o.s.b.d.a.ConditionEvaluationDeltaLoggingListener - Condition evaluation unchanged
2020-12-10 00:07:26.958 [http-nio-8081-exec-1] INFO  org.springframework.web.servlet.DispatcherServlet - Completed initialization in 2 ms
2020-12-10 00:07:39.076 [http-nio-8081-exec-7] INFO  com.nood.hrm.controller.RoleController - null hfeh  - fsd  [21]
2020-12-10 00:07:51.449 [Thread-35] INFO  o.s.scheduling.concurrent.ThreadPoolTaskExecutor - Shutting down ExecutorService 'applicationTaskExecutor'
2020-12-10 00:07:51.450 [Thread-35] INFO  com.alibaba.druid.pool.DruidDataSource - {dataSource-5} closed
2020-12-10 00:07:51.794 [restartedMain] INFO  com.nood.hrm.HumanResousceApplication - Starting HumanResousceApplication using Java 1.8.0_161 on noodles with PID 25465 (/Users/yanmeng/202/human-resousce-management/target/classes started by yanmeng in /Users/yanmeng/202/human-resousce-management)
2020-12-10 00:07:51.795 [restartedMain] INFO  com.nood.hrm.HumanResousceApplication - The following profiles are active: dev
2020-12-10 00:07:52.895 [restartedMain] INFO  o.s.boot.web.embedded.tomcat.TomcatWebServer - Tomcat initialized with port(s): 8081 (http)
2020-12-10 00:07:52.895 [restartedMain] INFO  org.apache.coyote.http11.Http11NioProtocol - Initializing ProtocolHandler ["http-nio-8081"]
2020-12-10 00:07:52.896 [restartedMain] INFO  org.apache.catalina.core.StandardService - Starting service [Tomcat]
2020-12-10 00:07:52.896 [restartedMain] INFO  org.apache.catalina.core.StandardEngine - Starting Servlet engine: [Apache Tomcat/9.0.39]
2020-12-10 00:07:52.910 [restartedMain] INFO  o.a.c.c.ContainerBase.[Tomcat-2].[localhost].[/] - Initializing Spring embedded WebApplicationContext
2020-12-10 00:07:52.910 [restartedMain] INFO  o.s.b.w.s.c.ServletWebServerApplicationContext - Root WebApplicationContext: initialization completed in 1111 ms
2020-12-10 00:07:53.165 [restartedMain] INFO  com.alibaba.druid.pool.DruidDataSource - {dataSource-6} inited
2020-12-10 00:07:53.477 [restartedMain] INFO  com.alibaba.druid.pool.DruidDataSource - {dataSource-6} closed
2020-12-10 00:07:53.479 [restartedMain] INFO  org.apache.catalina.core.StandardService - Stopping service [Tomcat]
2020-12-10 00:07:53.496 [restartedMain] INFO  o.s.b.a.l.ConditionEvaluationReportLoggingListener - 

Error starting ApplicationContext. To display the conditions report re-run your application with 'debug' enabled.
2020-12-10 00:07:55.130 [restartedMain] INFO  com.nood.hrm.HumanResousceApplication - Starting HumanResousceApplication using Java 1.8.0_161 on noodles with PID 25465 (/Users/yanmeng/202/human-resousce-management/target/classes started by yanmeng in /Users/yanmeng/202/human-resousce-management)
2020-12-10 00:07:55.130 [restartedMain] INFO  com.nood.hrm.HumanResousceApplication - The following profiles are active: dev
2020-12-10 00:07:55.794 [restartedMain] INFO  o.s.boot.web.embedded.tomcat.TomcatWebServer - Tomcat initialized with port(s): 8081 (http)
2020-12-10 00:07:55.795 [restartedMain] INFO  org.apache.coyote.http11.Http11NioProtocol - Initializing ProtocolHandler ["http-nio-8081"]
2020-12-10 00:07:55.795 [restartedMain] INFO  org.apache.catalina.core.StandardService - Starting service [Tomcat]
2020-12-10 00:07:55.795 [restartedMain] INFO  org.apache.catalina.core.StandardEngine - Starting Servlet engine: [Apache Tomcat/9.0.39]
2020-12-10 00:07:55.810 [restartedMain] INFO  o.a.c.c.ContainerBase.[Tomcat-3].[localhost].[/] - Initializing Spring embedded WebApplicationContext
2020-12-10 00:07:55.810 [restartedMain] INFO  o.s.b.w.s.c.ServletWebServerApplicationContext - Root WebApplicationContext: initialization completed in 677 ms
2020-12-10 00:07:56.007 [restartedMain] INFO  com.alibaba.druid.pool.DruidDataSource - {dataSource-7} inited
2020-12-10 00:07:56.647 [restartedMain] INFO  o.s.scheduling.concurrent.ThreadPoolTaskExecutor - Initializing ExecutorService 'applicationTaskExecutor'
2020-12-10 00:07:56.717 [restartedMain] INFO  o.s.b.a.web.servlet.WelcomePageHandlerMapping - Adding welcome page template: index
2020-12-10 00:07:56.996 [restartedMain] INFO  o.s.security.web.DefaultSecurityFilterChain - Will secure any request with [org.springframework.security.web.context.request.async.WebAsyncManagerIntegrationFilter@311d09ad, org.springframework.security.web.context.SecurityContextPersistenceFilter@d715ff4, org.springframework.security.web.header.HeaderWriterFilter@1958d995, org.springframework.security.web.authentication.logout.LogoutFilter@4b887385, org.springframework.security.web.authentication.UsernamePasswordAuthenticationFilter@28379a20, org.springframework.security.web.savedrequest.RequestCacheAwareFilter@3970fe7d, org.springframework.security.web.servletapi.SecurityContextHolderAwareRequestFilter@663b0cb7, org.springframework.security.web.authentication.AnonymousAuthenticationFilter@43f7efbe, org.springframework.security.web.session.SessionManagementFilter@538f23f5, org.springframework.security.web.access.ExceptionTranslationFilter@709895a2, org.springframework.security.web.access.intercept.FilterSecurityInterceptor@15a83ba1]
2020-12-10 00:07:57.040 [restartedMain] INFO  o.s.b.d.autoconfigure.OptionalLiveReloadServer - LiveReload server is running on port 35729
2020-12-10 00:07:57.098 [restartedMain] INFO  org.apache.coyote.http11.Http11NioProtocol - Starting ProtocolHandler ["http-nio-8081"]
2020-12-10 00:07:57.111 [restartedMain] INFO  o.s.boot.web.embedded.tomcat.TomcatWebServer - Tomcat started on port(s): 8081 (http) with context path ''
2020-12-10 00:07:57.117 [restartedMain] INFO  com.nood.hrm.HumanResousceApplication - Started HumanResousceApplication in 2.035 seconds (JVM running for 398.192)
2020-12-10 00:07:57.120 [restartedMain] INFO  o.s.b.d.a.ConditionEvaluationDeltaLoggingListener - Condition evaluation unchanged
2020-12-10 00:07:59.783 [Thread-43] INFO  o.s.scheduling.concurrent.ThreadPoolTaskExecutor - Shutting down ExecutorService 'applicationTaskExecutor'
2020-12-10 00:07:59.786 [Thread-43] INFO  com.alibaba.druid.pool.DruidDataSource - {dataSource-7} closed
2020-12-10 00:08:00.088 [restartedMain] INFO  com.nood.hrm.HumanResousceApplication - Starting HumanResousceApplication using Java 1.8.0_161 on noodles with PID 25465 (/Users/yanmeng/202/human-resousce-management/target/classes started by yanmeng in /Users/yanmeng/202/human-resousce-management)
2020-12-10 00:08:00.088 [restartedMain] INFO  com.nood.hrm.HumanResousceApplication - The following profiles are active: dev
2020-12-10 00:08:01.323 [restartedMain] INFO  o.s.boot.web.embedded.tomcat.TomcatWebServer - Tomcat initialized with port(s): 8081 (http)
2020-12-10 00:08:01.324 [restartedMain] INFO  org.apache.coyote.http11.Http11NioProtocol - Initializing ProtocolHandler ["http-nio-8081"]
2020-12-10 00:08:01.324 [restartedMain] INFO  org.apache.catalina.core.StandardService - Starting service [Tomcat]
2020-12-10 00:08:01.325 [restartedMain] INFO  org.apache.catalina.core.StandardEngine - Starting Servlet engine: [Apache Tomcat/9.0.39]
2020-12-10 00:08:01.338 [restartedMain] INFO  o.a.c.c.ContainerBase.[Tomcat-3].[localhost].[/] - Initializing Spring embedded WebApplicationContext
2020-12-10 00:08:01.339 [restartedMain] INFO  o.s.b.w.s.c.ServletWebServerApplicationContext - Root WebApplicationContext: initialization completed in 1247 ms
2020-12-10 00:08:01.552 [restartedMain] INFO  com.alibaba.druid.pool.DruidDataSource - {dataSource-8} inited
2020-12-10 00:08:01.835 [restartedMain] INFO  com.alibaba.druid.pool.DruidDataSource - {dataSource-8} closed
2020-12-10 00:08:01.836 [restartedMain] INFO  org.apache.catalina.core.StandardService - Stopping service [Tomcat]
2020-12-10 00:08:01.852 [restartedMain] INFO  o.s.b.a.l.ConditionEvaluationReportLoggingListener - 

Error starting ApplicationContext. To display the conditions report re-run your application with 'debug' enabled.
2020-12-10 00:08:03.452 [restartedMain] INFO  com.nood.hrm.HumanResousceApplication - Starting HumanResousceApplication using Java 1.8.0_161 on noodles with PID 25465 (/Users/yanmeng/202/human-resousce-management/target/classes started by yanmeng in /Users/yanmeng/202/human-resousce-management)
2020-12-10 00:08:03.452 [restartedMain] INFO  com.nood.hrm.HumanResousceApplication - The following profiles are active: dev
2020-12-10 00:08:04.268 [restartedMain] INFO  o.s.boot.web.embedded.tomcat.TomcatWebServer - Tomcat initialized with port(s): 8081 (http)
2020-12-10 00:08:04.269 [restartedMain] INFO  org.apache.coyote.http11.Http11NioProtocol - Initializing ProtocolHandler ["http-nio-8081"]
2020-12-10 00:08:04.270 [restartedMain] INFO  org.apache.catalina.core.StandardService - Starting service [Tomcat]
2020-12-10 00:08:04.270 [restartedMain] INFO  org.apache.catalina.core.StandardEngine - Starting Servlet engine: [Apache Tomcat/9.0.39]
2020-12-10 00:08:04.283 [restartedMain] INFO  o.a.c.c.ContainerBase.[Tomcat-4].[localhost].[/] - Initializing Spring embedded WebApplicationContext
2020-12-10 00:08:04.283 [restartedMain] INFO  o.s.b.w.s.c.ServletWebServerApplicationContext - Root WebApplicationContext: initialization completed in 826 ms
2020-12-10 00:08:04.866 [restartedMain] INFO  com.alibaba.druid.pool.DruidDataSource - {dataSource-9} inited
2020-12-10 00:08:05.309 [restartedMain] INFO  o.s.scheduling.concurrent.ThreadPoolTaskExecutor - Initializing ExecutorService 'applicationTaskExecutor'
2020-12-10 00:08:05.349 [restartedMain] INFO  o.s.b.a.web.servlet.WelcomePageHandlerMapping - Adding welcome page template: index
2020-12-10 00:08:05.522 [restartedMain] INFO  o.s.security.web.DefaultSecurityFilterChain - Will secure any request with [org.springframework.security.web.context.request.async.WebAsyncManagerIntegrationFilter@76a377eb, org.springframework.security.web.context.SecurityContextPersistenceFilter@6bb42894, org.springframework.security.web.header.HeaderWriterFilter@2ddd0506, org.springframework.security.web.authentication.logout.LogoutFilter@12e22e0c, org.springframework.security.web.authentication.UsernamePasswordAuthenticationFilter@13894d24, org.springframework.security.web.savedrequest.RequestCacheAwareFilter@3e5f1e24, org.springframework.security.web.servletapi.SecurityContextHolderAwareRequestFilter@7befd9dc, org.springframework.security.web.authentication.AnonymousAuthenticationFilter@538703d8, org.springframework.security.web.session.SessionManagementFilter@6a2937a5, org.springframework.security.web.access.ExceptionTranslationFilter@51508dd3, org.springframework.security.web.access.intercept.FilterSecurityInterceptor@4ae12c09]
2020-12-10 00:08:05.545 [restartedMain] INFO  o.s.b.d.autoconfigure.OptionalLiveReloadServer - LiveReload server is running on port 35729
2020-12-10 00:08:05.565 [restartedMain] INFO  org.apache.coyote.http11.Http11NioProtocol - Starting ProtocolHandler ["http-nio-8081"]
2020-12-10 00:08:05.567 [restartedMain] INFO  o.s.boot.web.embedded.tomcat.TomcatWebServer - Tomcat started on port(s): 8081 (http) with context path ''
2020-12-10 00:08:05.571 [restartedMain] INFO  com.nood.hrm.HumanResousceApplication - Started HumanResousceApplication in 2.164 seconds (JVM running for 406.646)
2020-12-10 00:08:05.572 [restartedMain] INFO  o.s.b.d.a.ConditionEvaluationDeltaLoggingListener - Condition evaluation unchanged
2020-12-10 00:08:05.664 [http-nio-8081-exec-1] INFO  o.a.c.c.ContainerBase.[Tomcat-4].[localhost].[/] - Initializing Spring DispatcherServlet 'dispatcherServlet'
2020-12-10 00:08:05.665 [http-nio-8081-exec-1] INFO  org.springframework.web.servlet.DispatcherServlet - Initializing Servlet 'dispatcherServlet'
2020-12-10 00:08:05.667 [http-nio-8081-exec-1] INFO  org.springframework.web.servlet.DispatcherServlet - Completed initialization in 2 ms
2020-12-10 00:08:19.523 [http-nio-8081-exec-9] INFO  com.nood.hrm.controller.RoleController - RoleController.getAll()
2020-12-10 00:08:19.588 [http-nio-8081-exec-8] INFO  com.nood.hrm.controller.RoleUserController - RoleUserController.getRoleUserById(userId) param : 1
2020-12-10 00:09:08.092 [http-nio-8081-exec-6] INFO  com.nood.hrm.controller.RoleController - RoleController.getAll()
2020-12-10 00:09:08.155 [http-nio-8081-exec-1] INFO  com.nood.hrm.controller.RoleUserController - RoleUserController.getRoleUserById(userId) param : 1
2020-12-10 00:10:33.236 [http-nio-8081-exec-7] INFO  com.nood.hrm.security.auth.AuthSuccessHandler - 登录成功
2020-12-10 00:16:22.893 [SpringContextShutdownHook] INFO  o.s.scheduling.concurrent.ThreadPoolTaskExecutor - Shutting down ExecutorService 'applicationTaskExecutor'
2020-12-10 00:16:22.895 [SpringContextShutdownHook] INFO  com.alibaba.druid.pool.DruidDataSource - {dataSource-9} closed
2020-12-10 00:16:26.205 [restartedMain] INFO  com.nood.hrm.HumanResousceApplication - Starting HumanResousceApplication using Java 1.8.0_161 on noodles with PID 25716 (/Users/yanmeng/202/human-resousce-management/target/classes started by yanmeng in /Users/yanmeng/202/human-resousce-management)
2020-12-10 00:16:26.209 [restartedMain] INFO  com.nood.hrm.HumanResousceApplication - The following profiles are active: dev
2020-12-10 00:16:26.366 [restartedMain] INFO  o.s.b.d.env.DevToolsPropertyDefaultsPostProcessor - Devtools property defaults active! Set 'spring.devtools.add-properties' to 'false' to disable
2020-12-10 00:16:26.368 [restartedMain] INFO  o.s.b.d.env.DevToolsPropertyDefaultsPostProcessor - For additional web related logging consider setting the 'logging.level.web' property to 'DEBUG'
2020-12-10 00:16:29.593 [restartedMain] INFO  o.s.boot.web.embedded.tomcat.TomcatWebServer - Tomcat initialized with port(s): 8081 (http)
2020-12-10 00:16:29.623 [restartedMain] INFO  org.apache.coyote.http11.Http11NioProtocol - Initializing ProtocolHandler ["http-nio-8081"]
2020-12-10 00:16:29.625 [restartedMain] INFO  org.apache.catalina.core.StandardService - Starting service [Tomcat]
2020-12-10 00:16:29.627 [restartedMain] INFO  org.apache.catalina.core.StandardEngine - Starting Servlet engine: [Apache Tomcat/9.0.39]
2020-12-10 00:16:29.935 [restartedMain] INFO  o.a.c.core.ContainerBase.[Tomcat].[localhost].[/] - Initializing Spring embedded WebApplicationContext
2020-12-10 00:16:29.935 [restartedMain] INFO  o.s.b.w.s.c.ServletWebServerApplicationContext - Root WebApplicationContext: initialization completed in 3566 ms
2020-12-10 00:16:33.403 [restartedMain] INFO  com.alibaba.druid.pool.DruidDataSource - {dataSource-1} inited
2020-12-10 00:16:35.196 [restartedMain] INFO  o.s.scheduling.concurrent.ThreadPoolTaskExecutor - Initializing ExecutorService 'applicationTaskExecutor'
2020-12-10 00:16:35.395 [restartedMain] INFO  o.s.b.a.web.servlet.WelcomePageHandlerMapping - Adding welcome page template: index
2020-12-10 00:16:36.332 [restartedMain] INFO  o.s.security.web.DefaultSecurityFilterChain - Will secure any request with [org.springframework.security.web.context.request.async.WebAsyncManagerIntegrationFilter@71e62398, org.springframework.security.web.context.SecurityContextPersistenceFilter@1202c2c9, org.springframework.security.web.header.HeaderWriterFilter@6b7c6355, org.springframework.security.web.authentication.logout.LogoutFilter@66d689fd, org.springframework.security.web.authentication.UsernamePasswordAuthenticationFilter@e48c55a, org.springframework.security.web.savedrequest.RequestCacheAwareFilter@34526be3, org.springframework.security.web.servletapi.SecurityContextHolderAwareRequestFilter@645297d7, org.springframework.security.web.authentication.AnonymousAuthenticationFilter@4462ca56, org.springframework.security.web.session.SessionManagementFilter@2ba2fb5d, org.springframework.security.web.access.ExceptionTranslationFilter@467cc541, org.springframework.security.web.access.intercept.FilterSecurityInterceptor@3518236]
2020-12-10 00:16:36.630 [restartedMain] INFO  o.s.b.d.autoconfigure.OptionalLiveReloadServer - LiveReload server is running on port 35729
2020-12-10 00:16:36.905 [restartedMain] INFO  org.apache.coyote.http11.Http11NioProtocol - Starting ProtocolHandler ["http-nio-8081"]
2020-12-10 00:16:36.991 [restartedMain] INFO  o.s.boot.web.embedded.tomcat.TomcatWebServer - Tomcat started on port(s): 8081 (http) with context path ''
2020-12-10 00:16:37.033 [restartedMain] INFO  com.nood.hrm.HumanResousceApplication - Started HumanResousceApplication in 11.652 seconds (JVM running for 13.271)
2020-12-10 00:16:59.084 [http-nio-8081-exec-1] INFO  o.a.c.core.ContainerBase.[Tomcat].[localhost].[/] - Initializing Spring DispatcherServlet 'dispatcherServlet'
2020-12-10 00:16:59.085 [http-nio-8081-exec-1] INFO  org.springframework.web.servlet.DispatcherServlet - Initializing Servlet 'dispatcherServlet'
2020-12-10 00:16:59.086 [http-nio-8081-exec-1] INFO  org.springframework.web.servlet.DispatcherServlet - Completed initialization in 1 ms
2020-12-10 00:17:05.814 [http-nio-8081-exec-5] INFO  com.nood.hrm.security.auth.AuthSuccessHandler - 登录成功
2020-12-10 00:17:15.958 [http-nio-8081-exec-4] INFO  com.nood.hrm.controller.RoleController - RoleController.getAll()
2020-12-10 00:17:16.026 [http-nio-8081-exec-5] INFO  com.nood.hrm.controller.RoleUserController - RoleUserController.getRoleUserById(userId) param : 1
2020-12-10 00:18:04.896 [http-nio-8081-exec-6] INFO  com.nood.hrm.controller.RoleController - RoleController.getAll()
2020-12-10 00:23:41.508 [http-nio-8081-exec-9] INFO  org.apache.tomcat.util.http.parser.Cookie - A cookie header was received [1606274436,1606391754; remember-me=YWRtaW46MTYwODczMDIwMzIxNzo0ZTA4Njg5MzNhNTE4OWI1YTY3YjFmODUzMTZlYzgxMg] that contained an invalid cookie. That cookie will be ignored.
 Note: further occurrences of this error will be logged at DEBUG level.
2020-12-10 00:23:47.951 [http-nio-8081-exec-9] INFO  com.nood.hrm.security.auth.AuthSuccessHandler - 登录成功
2020-12-10 00:25:06.202 [http-nio-8081-exec-4] INFO  com.nood.hrm.controller.RoleController - RoleController.getAll()
2020-12-10 00:25:06.441 [http-nio-8081-exec-1] INFO  com.nood.hrm.controller.RoleUserController - RoleUserController.getRoleUserById(userId) param : 1
2020-12-10 00:28:49.419 [http-nio-8081-exec-10] INFO  com.nood.hrm.controller.RoleController - RoleController.getAll()
2020-12-10 00:28:49.466 [http-nio-8081-exec-4] INFO  com.nood.hrm.controller.RoleUserController - RoleUserController.getRoleUserById(userId) param : 1
2020-12-10 08:10:16.028 [SpringContextShutdownHook] INFO  o.s.scheduling.concurrent.ThreadPoolTaskExecutor - Shutting down ExecutorService 'applicationTaskExecutor'
2020-12-10 08:10:16.050 [SpringContextShutdownHook] INFO  com.alibaba.druid.pool.DruidDataSource - {dataSource-1} closed
2020-12-10 08:10:34.366 [restartedMain] INFO  com.nood.hrm.HumanResousceApplication - Starting HumanResousceApplication using Java 1.8.0_161 on noodles with PID 26075 (/Users/yanmeng/202/human-resousce-management/target/classes started by yanmeng in /Users/yanmeng/202/human-resousce-management)
2020-12-10 08:10:34.369 [restartedMain] INFO  com.nood.hrm.HumanResousceApplication - The following profiles are active: dev
2020-12-10 08:10:34.478 [restartedMain] INFO  o.s.b.d.env.DevToolsPropertyDefaultsPostProcessor - Devtools property defaults active! Set 'spring.devtools.add-properties' to 'false' to disable
2020-12-10 08:10:34.481 [restartedMain] INFO  o.s.b.d.env.DevToolsPropertyDefaultsPostProcessor - For additional web related logging consider setting the 'logging.level.web' property to 'DEBUG'
2020-12-10 08:10:36.377 [restartedMain] INFO  o.s.boot.web.embedded.tomcat.TomcatWebServer - Tomcat initialized with port(s): 8081 (http)
2020-12-10 08:10:36.390 [restartedMain] INFO  org.apache.coyote.http11.Http11NioProtocol - Initializing ProtocolHandler ["http-nio-8081"]
2020-12-10 08:10:36.391 [restartedMain] INFO  org.apache.catalina.core.StandardService - Starting service [Tomcat]
2020-12-10 08:10:36.392 [restartedMain] INFO  org.apache.catalina.core.StandardEngine - Starting Servlet engine: [Apache Tomcat/9.0.39]
2020-12-10 08:10:36.467 [restartedMain] INFO  o.a.c.core.ContainerBase.[Tomcat].[localhost].[/] - Initializing Spring embedded WebApplicationContext
2020-12-10 08:10:36.467 [restartedMain] INFO  o.s.b.w.s.c.ServletWebServerApplicationContext - Root WebApplicationContext: initialization completed in 1984 ms
2020-12-10 08:10:37.186 [restartedMain] INFO  com.alibaba.druid.pool.DruidDataSource - {dataSource-1} inited
2020-12-10 08:10:37.907 [restartedMain] INFO  o.s.scheduling.concurrent.ThreadPoolTaskExecutor - Initializing ExecutorService 'applicationTaskExecutor'
2020-12-10 08:10:38.060 [restartedMain] INFO  o.s.b.a.web.servlet.WelcomePageHandlerMapping - Adding welcome page template: index
2020-12-10 08:10:38.469 [restartedMain] INFO  o.s.security.web.DefaultSecurityFilterChain - Will secure any request with [org.springframework.security.web.context.request.async.WebAsyncManagerIntegrationFilter@234d0e0b, org.springframework.security.web.context.SecurityContextPersistenceFilter@49781330, org.springframework.security.web.header.HeaderWriterFilter@5ea38c89, org.springframework.security.web.authentication.logout.LogoutFilter@45a9cde7, org.springframework.security.web.authentication.UsernamePasswordAuthenticationFilter@6297b7ef, org.springframework.security.web.savedrequest.RequestCacheAwareFilter@4f7f9070, org.springframework.security.web.servletapi.SecurityContextHolderAwareRequestFilter@4680d6ec, org.springframework.security.web.authentication.AnonymousAuthenticationFilter@2b7048d, org.springframework.security.web.session.SessionManagementFilter@11d7875f, org.springframework.security.web.access.ExceptionTranslationFilter@1a5ff8c2, org.springframework.security.web.access.intercept.FilterSecurityInterceptor@4c8f530]
2020-12-10 08:10:38.589 [restartedMain] INFO  o.s.b.d.autoconfigure.OptionalLiveReloadServer - LiveReload server is running on port 35729
2020-12-10 08:10:38.621 [restartedMain] INFO  org.apache.coyote.http11.Http11NioProtocol - Starting ProtocolHandler ["http-nio-8081"]
2020-12-10 08:10:38.646 [restartedMain] INFO  o.s.boot.web.embedded.tomcat.TomcatWebServer - Tomcat started on port(s): 8081 (http) with context path ''
2020-12-10 08:10:38.659 [restartedMain] INFO  com.nood.hrm.HumanResousceApplication - Started HumanResousceApplication in 5.371 seconds (JVM running for 6.954)
2020-12-10 08:11:04.929 [http-nio-8081-exec-1] INFO  org.apache.tomcat.util.http.parser.Cookie - A cookie header was received [1606274436,1606391754; remember-me=YWRtaW46MTYwODczMDIwMzIxNzo0ZTA4Njg5MzNhNTE4OWI1YTY3YjFmODUzMTZlYzgxMg] that contained an invalid cookie. That cookie will be ignored.
 Note: further occurrences of this error will be logged at DEBUG level.
2020-12-10 08:11:04.945 [http-nio-8081-exec-1] INFO  o.a.c.core.ContainerBase.[Tomcat].[localhost].[/] - Initializing Spring DispatcherServlet 'dispatcherServlet'
2020-12-10 08:11:04.945 [http-nio-8081-exec-1] INFO  org.springframework.web.servlet.DispatcherServlet - Initializing Servlet 'dispatcherServlet'
2020-12-10 08:11:04.947 [http-nio-8081-exec-1] INFO  org.springframework.web.servlet.DispatcherServlet - Completed initialization in 2 ms
2020-12-10 08:11:10.583 [http-nio-8081-exec-2] INFO  com.nood.hrm.security.auth.AuthSuccessHandler - 登录成功
