2020-12-10 00:00:55.714 [restartedMain] ERROR o.s.b.diagnostics.LoggingFailureAnalysisReporter - 

***************************
APPLICATION FAILED TO START
***************************

Description:

Field permissionService in com.nood.hrm.controller.PermissionController required a bean of type 'com.nood.hrm.service.PermissionService' that could not be found.

The injection point has the following annotations:
	- @org.springframework.beans.factory.annotation.Autowired(required=true)


Action:

Consider defining a bean of type 'com.nood.hrm.service.PermissionService' in your configuration.

2020-12-10 00:07:13.703 [restartedMain] ERROR o.s.b.diagnostics.LoggingFailureAnalysisReporter - 

***************************
APPLICATION FAILED TO START
***************************

Description:

Field roleService in com.nood.hrm.controller.RoleController required a bean of type 'com.nood.hrm.service.RoleService' that could not be found.

The injection point has the following annotations:
	- @org.springframework.beans.factory.annotation.Autowired(required=true)


Action:

Consider defining a bean of type 'com.nood.hrm.service.RoleService' in your configuration.

2020-12-10 00:07:23.565 [restartedMain] ERROR o.s.b.diagnostics.LoggingFailureAnalysisReporter - 

***************************
APPLICATION FAILED TO START
***************************

Description:

Field roleService in com.nood.hrm.controller.RoleController required a bean of type 'com.nood.hrm.service.RoleService' that could not be found.

The injection point has the following annotations:
	- @org.springframework.beans.factory.annotation.Autowired(required=true)


Action:

Consider defining a bean of type 'com.nood.hrm.service.RoleService' in your configuration.

2020-12-10 00:07:53.501 [restartedMain] ERROR o.s.b.diagnostics.LoggingFailureAnalysisReporter - 

***************************
APPLICATION FAILED TO START
***************************

Description:

Field roleService in com.nood.hrm.controller.RoleController required a bean of type 'com.nood.hrm.service.RoleService' that could not be found.

The injection point has the following annotations:
	- @org.springframework.beans.factory.annotation.Autowired(required=true)


Action:

Consider defining a bean of type 'com.nood.hrm.service.RoleService' in your configuration.

2020-12-10 00:08:01.857 [restartedMain] ERROR o.s.b.diagnostics.LoggingFailureAnalysisReporter - 

***************************
APPLICATION FAILED TO START
***************************

Description:

Field roleService in com.nood.hrm.controller.RoleController required a bean of type 'com.nood.hrm.service.RoleService' that could not be found.

The injection point has the following annotations:
	- @org.springframework.beans.factory.annotation.Autowired(required=true)


Action:

Consider defining a bean of type 'com.nood.hrm.service.RoleService' in your configuration.

